<?xml version="1.0" encoding="UTF-8"?>
<testsuite xmlns:xsi="http://www.w3.org/2001/XMLSchema-instance" xsi:noNamespaceSchemaLocation="https://maven.apache.org/surefire/maven-surefire-plugin/xsd/surefire-test-report.xsd" name="com.hackerrank.eshopping.product.dashboard.controller.ProductsControllerTest" time="11.993" tests="17" errors="0" skipped="0" failures="1">
  <properties>
[...]
</properties>
  <testcase name="createProduct" classname="com.hackerrank.eshopping.product.dashboard.controller.ProductsControllerTest" time="10.402"/>
  <testcase name="createProductWithExistingId" classname="com.hackerrank.eshopping.product.dashboard.controller.ProductsControllerTest" time="0"/>
  <testcase name="updateProductRetailPrice" classname="com.hackerrank.eshopping.product.dashboard.controller.ProductsControllerTest" time="0.11"/>
  <testcase name="updateProductDiscountPrice" classname="com.hackerrank.eshopping.product.dashboard.controller.ProductsControllerTest" time="0.012"/>
  <testcase name="updateProductAvailability" classname="com.hackerrank.eshopping.product.dashboard.controller.ProductsControllerTest" time="0.106"/>
  <testcase name="updateProductRetailAndDiscountPrice" classname="com.hackerrank.eshopping.product.dashboard.controller.ProductsControllerTest" time="0"/>
  <testcase name="updateProductRetailPriceAndAvailability" classname="com.hackerrank.eshopping.product.dashboard.controller.ProductsControllerTest" time="0"/>
  <testcase name="updateProductDiscountPriceAndAvailability" classname="com.hackerrank.eshopping.product.dashboard.controller.ProductsControllerTest" time="0.025"/>
  <testcase name="updateProductRetailPriceDiscountPriceAndAvailability" classname="com.hackerrank.eshopping.product.dashboard.controller.ProductsControllerTest" time="0.03"/>
  <testcase name="updateAvailabilityOfNonExistingProduct" classname="com.hackerrank.eshopping.product.dashboard.controller.ProductsControllerTest" time="0.015"/>
  <testcase name="findProductById" classname="com.hackerrank.eshopping.product.dashboard.controller.ProductsControllerTest" time="0.109"/>
  <testcase name="findProductByNonExistingId" classname="com.hackerrank.eshopping.product.dashboard.controller.ProductsControllerTest" time="0"/>
  <testcase name="findProductsByCategory" classname="com.hackerrank.eshopping.product.dashboard.controller.ProductsControllerTest" time="0.126"/>
  <testcase name="findProductsByNonExistingCategory" classname="com.hackerrank.eshopping.product.dashboard.controller.ProductsControllerTest" time="0.003"/>
  <testcase name="findProductsByCategoryAndAvailability" classname="com.hackerrank.eshopping.product.dashboard.controller.ProductsControllerTest" time="0.157">
    <failure type="java.lang.AssertionError">java.lang.AssertionError
	at com.hackerrank.eshopping.product.dashboard.controller.ProductsControllerTest.findProductsByCategoryAndAvailability(ProductsControllerTest.java:1035)
</failure>
    <system-out><![CDATA[&amp#27;[0;31mExpected <{"id":1,"name":"Dressing Gown","category":"Full Body Outfits","retail_price":303.0,"discounted_price":251.49,"availability":true}> but was <{"id":3,"name":"Nightgown","category":"Full Body Outfits","availability":true,"retail_price":307.0,"discounted_price":254.81}> (at index 2).&amp#27;[0m

MockHttpServletRequest:
      HTTP Method = POST
      Request URI = /products
       Parameters = {}
          Headers = {Content-Type=[application/json;charset=UTF-8]}
             Body = {"id": 1, "name": "Dressing Gown", "category": "Full Body Outfits", "retail_price": 303.0, "discounted_price": 251.49, "availability": true}
    Session Attrs = {}

Handler:
             Type = com.hackerrank.eshopping.product.dashboard.controller.ProductsController
           Method = public org.springframework.http.ResponseEntity<?> com.hackerrank.eshopping.product.dashboard.controller.ProductsController.addProduct(com.hackerrank.eshopping.product.dashboard.model.Product)

Async:
    Async started = false
     Async result = null

Resolved Exception:
             Type = null

ModelAndView:
        View name = null
             View = null
            Model = null

FlashMap:
       Attributes = null

MockHttpServletResponse:
           Status = 201
    Error message = null
          Headers = {}
     Content type = null
             Body = 
    Forwarded URL = null
   Redirected URL = null
          Cookies = []

MockHttpServletRequest:
      HTTP Method = POST
      Request URI = /products
       Parameters = {}
          Headers = {Content-Type=[application/json;charset=UTF-8]}
             Body = {"id": 2, "name": "Shoes", "category": "Footwear", "retail_price": 150.0, "discounted_price": 123.0, "availability": true}
    Session Attrs = {}

Handler:
             Type = com.hackerrank.eshopping.product.dashboard.controller.ProductsController
           Method = public org.springframework.http.ResponseEntity<?> com.hackerrank.eshopping.product.dashboard.controller.ProductsController.addProduct(com.hackerrank.eshopping.product.dashboard.model.Product)

Async:
    Async started = false
     Async result = null

Resolved Exception:
             Type = null

ModelAndView:
        View name = null
             View = null
            Model = null

FlashMap:
       Attributes = null

MockHttpServletResponse:
           Status = 201
    Error message = null
          Headers = {}
     Content type = null
             Body = 
    Forwarded URL = null
   Redirected URL = null
          Cookies = []

MockHttpServletRequest:
      HTTP Method = POST
      Request URI = /products
       Parameters = {}
          Headers = {Content-Type=[application/json;charset=UTF-8]}
             Body = {"id": 3, "name": "Nightgown", "category": "Full Body Outfits", "retail_price": 307.0, "discounted_price": 254.81, "availability": true}
    Session Attrs = {}

Handler:
             Type = com.hackerrank.eshopping.product.dashboard.controller.ProductsController
           Method = public org.springframework.http.ResponseEntity<?> com.hackerrank.eshopping.product.dashboard.controller.ProductsController.addProduct(com.hackerrank.eshopping.product.dashboard.model.Product)

Async:
    Async started = false
     Async result = null

Resolved Exception:
             Type = null

ModelAndView:
        View name = null
             View = null
            Model = null

FlashMap:
       Attributes = null

MockHttpServletResponse:
           Status = 201
    Error message = null
          Headers = {}
     Content type = null
             Body = 
    Forwarded URL = null
   Redirected URL = null
          Cookies = []

MockHttpServletRequest:
      HTTP Method = POST
      Request URI = /products
       Parameters = {}
          Headers = {Content-Type=[application/json;charset=UTF-8]}
             Body = {"id": 4, "name": "Boots", "category": "Footwear", "retail_price": 162.0, "discounted_price": 132.84, "availability": true}
    Session Attrs = {}

Handler:
             Type = com.hackerrank.eshopping.product.dashboard.controller.ProductsController
           Method = public org.springframework.http.ResponseEntity<?> com.hackerrank.eshopping.product.dashboard.controller.ProductsController.addProduct(com.hackerrank.eshopping.product.dashboard.model.Product)

Async:
    Async started = false
     Async result = null

Resolved Exception:
             Type = null

ModelAndView:
        View name = null
             View = null
            Model = null

FlashMap:
       Attributes = null

MockHttpServletResponse:
           Status = 201
    Error message = null
          Headers = {}
     Content type = null
             Body = 
    Forwarded URL = null
   Redirected URL = null
          Cookies = []

MockHttpServletRequest:
      HTTP Method = POST
      Request URI = /products
       Parameters = {}
          Headers = {Content-Type=[application/json;charset=UTF-8]}
             Body = {"id": 5, "name": "Ball Gown", "category": "Full Body Outfits", "retail_price": 337.0, "discounted_price": 272.97, "availability": true}
    Session Attrs = {}

Handler:
             Type = com.hackerrank.eshopping.product.dashboard.controller.ProductsController
           Method = public org.springframework.http.ResponseEntity<?> com.hackerrank.eshopping.product.dashboard.controller.ProductsController.addProduct(com.hackerrank.eshopping.product.dashboard.model.Product)

Async:
    Async started = false
     Async result = null

Resolved Exception:
             Type = null

ModelAndView:
        View name = null
             View = null
            Model = null

FlashMap:
       Attributes = null

MockHttpServletResponse:
           Status = 201
    Error message = null
          Headers = {}
     Content type = null
             Body = 
    Forwarded URL = null
   Redirected URL = null
          Cookies = []

MockHttpServletRequest:
      HTTP Method = POST
      Request URI = /products
       Parameters = {}
          Headers = {Content-Type=[application/json;charset=UTF-8]}
             Body = {"id": 6, "name": "Shawl", "category": "Accessories", "retail_price": 283.0, "discounted_price": 260.36, "availability": true}
    Session Attrs = {}

Handler:
             Type = com.hackerrank.eshopping.product.dashboard.controller.ProductsController
           Method = public org.springframework.http.ResponseEntity<?> com.hackerrank.eshopping.product.dashboard.controller.ProductsController.addProduct(com.hackerrank.eshopping.product.dashboard.model.Product)

Async:
    Async started = false
     Async result = null

Resolved Exception:
             Type = null

ModelAndView:
        View name = null
             View = null
            Model = null

FlashMap:
       Attributes = null

MockHttpServletResponse:
           Status = 201
    Error message = null
          Headers = {}
     Content type = null
             Body = 
    Forwarded URL = null
   Redirected URL = null
          Cookies = []

MockHttpServletRequest:
      HTTP Method = POST
      Request URI = /products
       Parameters = {}
          Headers = {Content-Type=[application/json;charset=UTF-8]}
             Body = {"id": 7, "name": "Belt", "category": "Accessories", "retail_price": 471.0, "discounted_price": 419.19, "availability": true}
    Session Attrs = {}

Handler:
             Type = com.hackerrank.eshopping.product.dashboard.controller.ProductsController
           Method = public org.springframework.http.ResponseEntity<?> com.hackerrank.eshopping.product.dashboard.controller.ProductsController.addProduct(com.hackerrank.eshopping.product.dashboard.model.Product)

Async:
    Async started = false
     Async result = null

Resolved Exception:
             Type = null

ModelAndView:
        View name = null
             View = null
            Model = null

FlashMap:
       Attributes = null

MockHttpServletResponse:
           Status = 201
    Error message = null
          Headers = {}
     Content type = null
             Body = 
    Forwarded URL = null
   Redirected URL = null
          Cookies = []

MockHttpServletRequest:
      HTTP Method = POST
      Request URI = /products
       Parameters = {}
          Headers = {Content-Type=[application/json;charset=UTF-8]}
             Body = {"id": 8, "name": "Kaftan", "category": "Accessories", "retail_price": 237.0, "discounted_price": 215.67, "availability": true}
    Session Attrs = {}

Handler:
             Type = com.hackerrank.eshopping.product.dashboard.controller.ProductsController
           Method = public org.springframework.http.ResponseEntity<?> com.hackerrank.eshopping.product.dashboard.controller.ProductsController.addProduct(com.hackerrank.eshopping.product.dashboard.model.Product)

Async:
    Async started = false
     Async result = null

Resolved Exception:
             Type = null

ModelAndView:
        View name = null
             View = null
            Model = null

FlashMap:
       Attributes = null

MockHttpServletResponse:
           Status = 201
    Error message = null
          Headers = {}
     Content type = null
             Body = 
    Forwarded URL = null
   Redirected URL = null
          Cookies = []

MockHttpServletRequest:
      HTTP Method = POST
      Request URI = /products
       Parameters = {}
          Headers = {Content-Type=[application/json;charset=UTF-8]}
             Body = {"id": 9, "name": "Overalls", "category": "Full Body Outfits", "retail_price": 374.0, "discounted_price": 321.64, "availability": true}
    Session Attrs = {}

Handler:
             Type = com.hackerrank.eshopping.product.dashboard.controller.ProductsController
           Method = public org.springframework.http.ResponseEntity<?> com.hackerrank.eshopping.product.dashboard.controller.ProductsController.addProduct(com.hackerrank.eshopping.product.dashboard.model.Product)

Async:
    Async started = false
     Async result = null

Resolved Exception:
             Type = null

ModelAndView:
        View name = null
             View = null
            Model = null

FlashMap:
       Attributes = null

MockHttpServletResponse:
           Status = 201
    Error message = null
          Headers = {}
     Content type = null
             Body = 
    Forwarded URL = null
   Redirected URL = null
          Cookies = []

MockHttpServletRequest:
      HTTP Method = POST
      Request URI = /products
       Parameters = {}
          Headers = {Content-Type=[application/json;charset=UTF-8]}
             Body = {"id": 10, "name": "Cufflinks", "category": "Accessories", "retail_price": 284.0, "discounted_price": 247.08, "availability": true}
    Session Attrs = {}

Handler:
             Type = com.hackerrank.eshopping.product.dashboard.controller.ProductsController
           Method = public org.springframework.http.ResponseEntity<?> com.hackerrank.eshopping.product.dashboard.controller.ProductsController.addProduct(com.hackerrank.eshopping.product.dashboard.model.Product)

Async:
    Async started = false
     Async result = null

Resolved Exception:
             Type = null

ModelAndView:
        View name = null
             View = null
            Model = null

FlashMap:
       Attributes = null

MockHttpServletResponse:
           Status = 201
    Error message = null
          Headers = {}
     Content type = null
             Body = 
    Forwarded URL = null
   Redirected URL = null
          Cookies = []

MockHttpServletRequest:
      HTTP Method = POST
      Request URI = /products
       Parameters = {}
          Headers = {Content-Type=[application/json;charset=UTF-8]}
             Body = {"id": 11, "name": "Cargos", "category": "Bottoms", "retail_price": 498.0, "discounted_price": 428.28, "availability": true}
    Session Attrs = {}

Handler:
             Type = com.hackerrank.eshopping.product.dashboard.controller.ProductsController
           Method = public org.springframework.http.ResponseEntity<?> com.hackerrank.eshopping.product.dashboard.controller.ProductsController.addProduct(com.hackerrank.eshopping.product.dashboard.model.Product)

Async:
    Async started = false
     Async result = null

Resolved Exception:
             Type = null

ModelAndView:
        View name = null
             View = null
            Model = null

FlashMap:
       Attributes = null

MockHttpServletResponse:
           Status = 201
    Error message = null
          Headers = {}
     Content type = null
             Body = 
    Forwarded URL = null
   Redirected URL = null
          Cookies = []

MockHttpServletRequest:
      HTTP Method = POST
      Request URI = /products
       Parameters = {}
          Headers = {Content-Type=[application/json;charset=UTF-8]}
             Body = {"id": 12, "name": "Poncho", "category": "Accessories", "retail_price": 280.0, "discounted_price": 224.7, "availability": true}
    Session Attrs = {}

Handler:
             Type = com.hackerrank.eshopping.product.dashboard.controller.ProductsController
           Method = public org.springframework.http.ResponseEntity<?> com.hackerrank.eshopping.product.dashboard.controller.ProductsController.addProduct(com.hackerrank.eshopping.product.dashboard.model.Product)

Async:
    Async started = false
     Async result = null

Resolved Exception:
             Type = null

ModelAndView:
        View name = null
             View = null
            Model = null

FlashMap:
       Attributes = null

MockHttpServletResponse:
           Status = 201
    Error message = null
          Headers = {}
     Content type = null
             Body = 
    Forwarded URL = null
   Redirected URL = null
          Cookies = []

MockHttpServletRequest:
      HTTP Method = POST
      Request URI = /products
       Parameters = {}
          Headers = {Content-Type=[application/json;charset=UTF-8]}
             Body = {"id": 13, "name": "Cummerbund", "category": "Accessories", "retail_price": 435.0, "discounted_price": 400.2, "availability": true}
    Session Attrs = {}

Handler:
             Type = com.hackerrank.eshopping.product.dashboard.controller.ProductsController
           Method = public org.springframework.http.ResponseEntity<?> com.hackerrank.eshopping.product.dashboard.controller.ProductsController.addProduct(com.hackerrank.eshopping.product.dashboard.model.Product)

Async:
    Async started = false
     Async result = null

Resolved Exception:
             Type = null

ModelAndView:
        View name = null
             View = null
            Model = null

FlashMap:
       Attributes = null

MockHttpServletResponse:
           Status = 201
    Error message = null
          Headers = {}
     Content type = null
             Body = 
    Forwarded URL = null
   Redirected URL = null
          Cookies = []

MockHttpServletRequest:
      HTTP Method = POST
      Request URI = /products
       Parameters = {}
          Headers = {Content-Type=[application/json;charset=UTF-8]}
             Body = {"id": 14, "name": "Dress", "category": "Full Body Outfits", "retail_price": 175.0, "discounted_price": 140.0, "availability": true}
    Session Attrs = {}

Handler:
             Type = com.hackerrank.eshopping.product.dashboard.controller.ProductsController
           Method = public org.springframework.http.ResponseEntity<?> com.hackerrank.eshopping.product.dashboard.controller.ProductsController.addProduct(com.hackerrank.eshopping.product.dashboard.model.Product)

Async:
    Async started = false
     Async result = null

Resolved Exception:
             Type = null

ModelAndView:
        View name = null
             View = null
            Model = null

FlashMap:
       Attributes = null

MockHttpServletResponse:
           Status = 201
    Error message = null
          Headers = {}
     Content type = null
             Body = 
    Forwarded URL = null
   Redirected URL = null
          Cookies = []

MockHttpServletRequest:
      HTTP Method = POST
      Request URI = /products
       Parameters = {}
          Headers = {Content-Type=[application/json;charset=UTF-8]}
             Body = {"id": 15, "name": "Trainers", "category": "Footwear", "retail_price": 228.0, "discounted_price": 184.68, "availability": true}
    Session Attrs = {}

Handler:
             Type = com.hackerrank.eshopping.product.dashboard.controller.ProductsController
           Method = public org.springframework.http.ResponseEntity<?> com.hackerrank.eshopping.product.dashboard.controller.ProductsController.addProduct(com.hackerrank.eshopping.product.dashboard.model.Product)

Async:
    Async started = false
     Async result = null

Resolved Exception:
             Type = null

ModelAndView:
        View name = null
             View = null
            Model = null

FlashMap:
       Attributes = null

MockHttpServletResponse:
           Status = 201
    Error message = null
          Headers = {}
     Content type = null
             Body = 
    Forwarded URL = null
   Redirected URL = null
          Cookies = []

MockHttpServletRequest:
      HTTP Method = POST
      Request URI = /products
       Parameters = {}
          Headers = {Content-Type=[application/json;charset=UTF-8]}
             Body = {"id": 16, "name": "Tracksuit", "category": "Full Body Outfits", "retail_price": 471.0, "discounted_price": 423.9, "availability": false}
    Session Attrs = {}

Handler:
             Type = com.hackerrank.eshopping.product.dashboard.controller.ProductsController
           Method = public org.springframework.http.ResponseEntity<?> com.hackerrank.eshopping.product.dashboard.controller.ProductsController.addProduct(com.hackerrank.eshopping.product.dashboard.model.Product)

Async:
    Async started = false
     Async result = null

Resolved Exception:
             Type = null

ModelAndView:
        View name = null
             View = null
            Model = null

FlashMap:
       Attributes = null

MockHttpServletResponse:
           Status = 201
    Error message = null
          Headers = {}
     Content type = null
             Body = 
    Forwarded URL = null
   Redirected URL = null
          Cookies = []

MockHttpServletRequest:
      HTTP Method = POST
      Request URI = /products
       Parameters = {}
          Headers = {Content-Type=[application/json;charset=UTF-8]}
             Body = {"id": 17, "name": "Tailcoat", "category": "Full Body Outfits", "retail_price": 307.0, "discounted_price": 254.81, "availability": true}
    Session Attrs = {}

Handler:
             Type = com.hackerrank.eshopping.product.dashboard.controller.ProductsController
           Method = public org.springframework.http.ResponseEntity<?> com.hackerrank.eshopping.product.dashboard.controller.ProductsController.addProduct(com.hackerrank.eshopping.product.dashboard.model.Product)

Async:
    Async started = false
     Async result = null

Resolved Exception:
             Type = null

ModelAndView:
        View name = null
             View = null
            Model = null

FlashMap:
       Attributes = null

MockHttpServletResponse:
           Status = 201
    Error message = null
          Headers = {}
     Content type = null
             Body = 
    Forwarded URL = null
   Redirected URL = null
          Cookies = []

MockHttpServletRequest:
      HTTP Method = POST
      Request URI = /products
       Parameters = {}
          Headers = {Content-Type=[application/json;charset=UTF-8]}
             Body = {"id": 18, "name": "Vest", "category": "Tops", "retail_price": 446.0, "discounted_price": 392.48, "availability": true}
    Session Attrs = {}

Handler:
             Type = com.hackerrank.eshopping.product.dashboard.controller.ProductsController
           Method = public org.springframework.http.ResponseEntity<?> com.hackerrank.eshopping.product.dashboard.controller.ProductsController.addProduct(com.hackerrank.eshopping.product.dashboard.model.Product)

Async:
    Async started = false
     Async result = null

Resolved Exception:
             Type = null

ModelAndView:
        View name = null
             View = null
            Model = null

FlashMap:
       Attributes = null

MockHttpServletResponse:
           Status = 201
    Error message = null
          Headers = {}
     Content type = null
             Body = 
    Forwarded URL = null
   Redirected URL = null
          Cookies = []

MockHttpServletRequest:
      HTTP Method = POST
      Request URI = /products
       Parameters = {}
          Headers = {Content-Type=[application/json;charset=UTF-8]}
             Body = {"id": 19, "name": "Suit", "category": "Full Body Outfits", "retail_price": 158.0, "discounted_price": 135.88, "availability": true}
    Session Attrs = {}

Handler:
             Type = com.hackerrank.eshopping.product.dashboard.controller.ProductsController
           Method = public org.springframework.http.ResponseEntity<?> com.hackerrank.eshopping.product.dashboard.controller.ProductsController.addProduct(com.hackerrank.eshopping.product.dashboard.model.Product)

Async:
    Async started = false
     Async result = null

Resolved Exception:
             Type = null

ModelAndView:
        View name = null
             View = null
            Model = null

FlashMap:
       Attributes = null

MockHttpServletResponse:
           Status = 201
    Error message = null
          Headers = {}
     Content type = null
             Body = 
    Forwarded URL = null
   Redirected URL = null
          Cookies = []

MockHttpServletRequest:
      HTTP Method = POST
      Request URI = /products
       Parameters = {}
          Headers = {Content-Type=[application/json;charset=UTF-8]}
             Body = {"id": 20, "name": "Catsuit", "category": "Full Body Outfits", "retail_price": 158.0, "discounted_price": 135.88, "availability": true}
    Session Attrs = {}

Handler:
             Type = com.hackerrank.eshopping.product.dashboard.controller.ProductsController
           Method = public org.springframework.http.ResponseEntity<?> com.hackerrank.eshopping.product.dashboard.controller.ProductsController.addProduct(com.hackerrank.eshopping.product.dashboard.model.Product)

Async:
    Async started = false
     Async result = null

Resolved Exception:
             Type = null

ModelAndView:
        View name = null
             View = null
            Model = null

FlashMap:
       Attributes = null

MockHttpServletResponse:
           Status = 201
    Error message = null
          Headers = {}
     Content type = null
             Body = 
    Forwarded URL = null
   Redirected URL = null
          Cookies = []

MockHttpServletRequest:
      HTTP Method = POST
      Request URI = /products
       Parameters = {}
          Headers = {Content-Type=[application/json;charset=UTF-8]}
             Body = {"id": 21, "name": "Dungarees", "category": "Full Body Outfits", "retail_price": 437.0, "discounted_price": 362.71, "availability": false}
    Session Attrs = {}

Handler:
             Type = com.hackerrank.eshopping.product.dashboard.controller.ProductsController
           Method = public org.springframework.http.ResponseEntity<?> com.hackerrank.eshopping.product.dashboard.controller.ProductsController.addProduct(com.hackerrank.eshopping.product.dashboard.model.Product)

Async:
    Async started = false
     Async result = null

Resolved Exception:
             Type = null

ModelAndView:
        View name = null
             View = null
            Model = null

FlashMap:
       Attributes = null

MockHttpServletResponse:
           Status = 201
    Error message = null
          Headers = {}
     Content type = null
             Body = 
    Forwarded URL = null
   Redirected URL = null
          Cookies = []

MockHttpServletRequest:
      HTTP Method = POST
      Request URI = /products
       Parameters = {}
          Headers = {Content-Type=[application/json;charset=UTF-8]}
             Body = {"id": 1, "name": "Dressing Gown", "category": "Underwear", "retail_price": 303.0, "discounted_price": 251.49, "availability": true}
    Session Attrs = {}

Handler:
             Type = com.hackerrank.eshopping.product.dashboard.controller.ProductsController
           Method = public org.springframework.http.ResponseEntity<?> com.hackerrank.eshopping.product.dashboard.controller.ProductsController.addProduct(com.hackerrank.eshopping.product.dashboard.model.Product)

Async:
    Async started = false
     Async result = null

Resolved Exception:
             Type = null

ModelAndView:
        View name = null
             View = null
            Model = null

FlashMap:
       Attributes = null

MockHttpServletResponse:
           Status = 400
    Error message = null
          Headers = {}
     Content type = null
             Body = 
    Forwarded URL = null
   Redirected URL = null
          Cookies = []

MockHttpServletRequest:
      HTTP Method = PUT
      Request URI = /products/6
       Parameters = {}
          Headers = {Content-Type=[application/json;charset=UTF-8]}
             Body = {"retail_price": 325.45, "discounted_price": 260.36, "availability": true}
    Session Attrs = {}

Handler:
             Type = com.hackerrank.eshopping.product.dashboard.controller.ProductsController
           Method = public org.springframework.http.ResponseEntity<?> com.hackerrank.eshopping.product.dashboard.controller.ProductsController.updateProduct(com.hackerrank.eshopping.product.dashboard.model.Product,long) throws com.hackerrank.eshopping.product.dashboard.exception.BadRequestException

Async:
    Async started = false
     Async result = null

Resolved Exception:
             Type = null

ModelAndView:
        View name = null
             View = null
            Model = null

FlashMap:
       Attributes = null

MockHttpServletResponse:
           Status = 200
    Error message = null
          Headers = {Content-Type=[application/json;charset=UTF-8]}
     Content type = application/json;charset=UTF-8
             Body = {"id":6,"name":"Shawl","category":"Accessories","availability":true,"retail_price":325.45,"discounted_price":260.36}
    Forwarded URL = null
   Redirected URL = null
          Cookies = []

MockHttpServletRequest:
      HTTP Method = PUT
      Request URI = /products/10
       Parameters = {}
          Headers = {Content-Type=[application/json;charset=UTF-8]}
             Body = {"retail_price": 284.0, "discounted_price": 227.2, "availability": true}
    Session Attrs = {}

Handler:
             Type = com.hackerrank.eshopping.product.dashboard.controller.ProductsController
           Method = public org.springframework.http.ResponseEntity<?> com.hackerrank.eshopping.product.dashboard.controller.ProductsController.updateProduct(com.hackerrank.eshopping.product.dashboard.model.Product,long) throws com.hackerrank.eshopping.product.dashboard.exception.BadRequestException

Async:
    Async started = false
     Async result = null

Resolved Exception:
             Type = null

ModelAndView:
        View name = null
             View = null
            Model = null

FlashMap:
       Attributes = null

MockHttpServletResponse:
           Status = 200
    Error message = null
          Headers = {Content-Type=[application/json;charset=UTF-8]}
     Content type = application/json;charset=UTF-8
             Body = {"id":10,"name":"Cufflinks","category":"Accessories","availability":true,"retail_price":284.0,"discounted_price":227.2}
    Forwarded URL = null
   Redirected URL = null
          Cookies = []

MockHttpServletRequest:
      HTTP Method = PUT
      Request URI = /products/2
       Parameters = {}
          Headers = {Content-Type=[application/json;charset=UTF-8]}
             Body = {"retail_price": 150.0, "discounted_price": 123.0, "availability": false}
    Session Attrs = {}

Handler:
             Type = com.hackerrank.eshopping.product.dashboard.controller.ProductsController
           Method = public org.springframework.http.ResponseEntity<?> com.hackerrank.eshopping.product.dashboard.controller.ProductsController.updateProduct(com.hackerrank.eshopping.product.dashboard.model.Product,long) throws com.hackerrank.eshopping.product.dashboard.exception.BadRequestException

Async:
    Async started = false
     Async result = null

Resolved Exception:
             Type = null

ModelAndView:
        View name = null
             View = null
            Model = null

FlashMap:
       Attributes = null

MockHttpServletResponse:
           Status = 200
    Error message = null
          Headers = {Content-Type=[application/json;charset=UTF-8]}
     Content type = application/json;charset=UTF-8
             Body = {"id":2,"name":"Shoes","category":"Footwear","availability":false,"retail_price":150.0,"discounted_price":123.0}
    Forwarded URL = null
   Redirected URL = null
          Cookies = []

MockHttpServletRequest:
      HTTP Method = PUT
      Request URI = /products/12
       Parameters = {}
          Headers = {Content-Type=[application/json;charset=UTF-8]}
             Body = {"retail_price": 350.0, "discounted_price": 283.5, "availability": true}
    Session Attrs = {}

Handler:
             Type = com.hackerrank.eshopping.product.dashboard.controller.ProductsController
           Method = public org.springframework.http.ResponseEntity<?> com.hackerrank.eshopping.product.dashboard.controller.ProductsController.updateProduct(com.hackerrank.eshopping.product.dashboard.model.Product,long) throws com.hackerrank.eshopping.product.dashboard.exception.BadRequestException

Async:
    Async started = false
     Async result = null

Resolved Exception:
             Type = null

ModelAndView:
        View name = null
             View = null
            Model = null

FlashMap:
       Attributes = null

MockHttpServletResponse:
           Status = 200
    Error message = null
          Headers = {Content-Type=[application/json;charset=UTF-8]}
     Content type = application/json;charset=UTF-8
             Body = {"id":12,"name":"Poncho","category":"Accessories","availability":true,"retail_price":350.0,"discounted_price":283.5}
    Forwarded URL = null
   Redirected URL = null
          Cookies = []

MockHttpServletRequest:
      HTTP Method = PUT
      Request URI = /products/19
       Parameters = {}
          Headers = {Content-Type=[application/json;charset=UTF-8]}
             Body = {"retail_price": 125.0, "discounted_price": 100.0, "availability": false}
    Session Attrs = {}

Handler:
             Type = com.hackerrank.eshopping.product.dashboard.controller.ProductsController
           Method = public org.springframework.http.ResponseEntity<?> com.hackerrank.eshopping.product.dashboard.controller.ProductsController.updateProduct(com.hackerrank.eshopping.product.dashboard.model.Product,long) throws com.hackerrank.eshopping.product.dashboard.exception.BadRequestException

Async:
    Async started = false
     Async result = null

Resolved Exception:
             Type = null

ModelAndView:
        View name = null
             View = null
            Model = null

FlashMap:
       Attributes = null

MockHttpServletResponse:
           Status = 200
    Error message = null
          Headers = {Content-Type=[application/json;charset=UTF-8]}
     Content type = application/json;charset=UTF-8
             Body = {"id":19,"name":"Suit","category":"Full Body Outfits","availability":false,"retail_price":125.0,"discounted_price":100.0}
    Forwarded URL = null
   Redirected URL = null
          Cookies = []

MockHttpServletRequest:
      HTTP Method = PUT
      Request URI = /products/20
       Parameters = {}
          Headers = {Content-Type=[application/json;charset=UTF-8]}
             Body = {"retail_price": 250.0, "discounted_price": 200.0, "availability": false}
    Session Attrs = {}

Handler:
             Type = com.hackerrank.eshopping.product.dashboard.controller.ProductsController
           Method = public org.springframework.http.ResponseEntity<?> com.hackerrank.eshopping.product.dashboard.controller.ProductsController.updateProduct(com.hackerrank.eshopping.product.dashboard.model.Product,long) throws com.hackerrank.eshopping.product.dashboard.exception.BadRequestException

Async:
    Async started = false
     Async result = null

Resolved Exception:
             Type = null

ModelAndView:
        View name = null
             View = null
            Model = null

FlashMap:
       Attributes = null

MockHttpServletResponse:
           Status = 200
    Error message = null
          Headers = {Content-Type=[application/json;charset=UTF-8]}
     Content type = application/json;charset=UTF-8
             Body = {"id":20,"name":"Catsuit","category":"Full Body Outfits","availability":false,"retail_price":250.0,"discounted_price":200.0}
    Forwarded URL = null
   Redirected URL = null
          Cookies = []

MockHttpServletRequest:
      HTTP Method = PUT
      Request URI = /products/13
       Parameters = {}
          Headers = {Content-Type=[application/json;charset=UTF-8]}
             Body = {"retail_price": 500.0, "discounted_price": 450.0, "availability": false}
    Session Attrs = {}

Handler:
             Type = com.hackerrank.eshopping.product.dashboard.controller.ProductsController
           Method = public org.springframework.http.ResponseEntity<?> com.hackerrank.eshopping.product.dashboard.controller.ProductsController.updateProduct(com.hackerrank.eshopping.product.dashboard.model.Product,long) throws com.hackerrank.eshopping.product.dashboard.exception.BadRequestException

Async:
    Async started = false
     Async result = null

Resolved Exception:
             Type = null

ModelAndView:
        View name = null
             View = null
            Model = null

FlashMap:
       Attributes = null

MockHttpServletResponse:
           Status = 200
    Error message = null
          Headers = {Content-Type=[application/json;charset=UTF-8]}
     Content type = application/json;charset=UTF-8
             Body = {"id":13,"name":"Cummerbund","category":"Accessories","availability":false,"retail_price":500.0,"discounted_price":450.0}
    Forwarded URL = null
   Redirected URL = null
          Cookies = []

MockHttpServletRequest:
      HTTP Method = PUT
      Request URI = /products/25
       Parameters = {}
          Headers = {Content-Type=[application/json;charset=UTF-8]}
             Body = {"retail_price": 311.0, "discounted_price": 258.13, "availability": true}
    Session Attrs = {}

Handler:
             Type = com.hackerrank.eshopping.product.dashboard.controller.ProductsController
           Method = public org.springframework.http.ResponseEntity<?> com.hackerrank.eshopping.product.dashboard.controller.ProductsController.updateProduct(com.hackerrank.eshopping.product.dashboard.model.Product,long) throws com.hackerrank.eshopping.product.dashboard.exception.BadRequestException

Async:
    Async started = false
     Async result = null

Resolved Exception:
             Type = com.hackerrank.eshopping.product.dashboard.exception.BadRequestException

ModelAndView:
        View name = null
             View = null
            Model = null

FlashMap:
       Attributes = null

MockHttpServletResponse:
           Status = 400
    Error message = null
          Headers = {}
     Content type = null
             Body = 
    Forwarded URL = null
   Redirected URL = null
          Cookies = []

MockHttpServletRequest:
      HTTP Method = GET
      Request URI = /products/2
       Parameters = {}
          Headers = {}
             Body = null
    Session Attrs = {}

Handler:
             Type = com.hackerrank.eshopping.product.dashboard.controller.ProductsController
           Method = public org.springframework.http.ResponseEntity<com.hackerrank.eshopping.product.dashboard.model.Product> com.hackerrank.eshopping.product.dashboard.controller.ProductsController.getProductById(long) throws java.lang.Exception

Async:
    Async started = false
     Async result = null

Resolved Exception:
             Type = null

ModelAndView:
        View name = null
             View = null
            Model = null

FlashMap:
       Attributes = null

MockHttpServletResponse:
           Status = 200
    Error message = null
          Headers = {Content-Type=[application/json;charset=UTF-8]}
     Content type = application/json;charset=UTF-8
             Body = {"id":2,"name":"Shoes","category":"Footwear","availability":false,"retail_price":150.0,"discounted_price":123.0}
    Forwarded URL = null
   Redirected URL = null
          Cookies = []

MockHttpServletRequest:
      HTTP Method = GET
      Request URI = /products/25
       Parameters = {}
          Headers = {}
             Body = null
    Session Attrs = {}

Handler:
             Type = com.hackerrank.eshopping.product.dashboard.controller.ProductsController
           Method = public org.springframework.http.ResponseEntity<com.hackerrank.eshopping.product.dashboard.model.Product> com.hackerrank.eshopping.product.dashboard.controller.ProductsController.getProductById(long) throws java.lang.Exception

Async:
    Async started = false
     Async result = null

Resolved Exception:
             Type = com.hackerrank.eshopping.product.dashboard.exception.ResourceNotFoundException

ModelAndView:
        View name = null
             View = null
            Model = null

FlashMap:
       Attributes = null

MockHttpServletResponse:
           Status = 404
    Error message = null
          Headers = {}
     Content type = null
             Body = 
    Forwarded URL = null
   Redirected URL = null
          Cookies = []

MockHttpServletRequest:
      HTTP Method = GET
      Request URI = /products
       Parameters = {category=[Accessories]}
          Headers = {}
             Body = null
    Session Attrs = {}

Handler:
             Type = com.hackerrank.eshopping.product.dashboard.controller.ProductsController
           Method = public org.springframework.http.ResponseEntity<java.util.List<com.hackerrank.eshopping.product.dashboard.model.Product>> com.hackerrank.eshopping.product.dashboard.controller.ProductsController.getProductsByCatagory(java.lang.String) throws com.hackerrank.eshopping.product.dashboard.exception.ResourceNotFoundException

Async:
    Async started = false
     Async result = null

Resolved Exception:
             Type = null

ModelAndView:
        View name = null
             View = null
            Model = null

FlashMap:
       Attributes = null

MockHttpServletResponse:
           Status = 200
    Error message = null
          Headers = {Content-Type=[application/json;charset=UTF-8]}
     Content type = application/json;charset=UTF-8
             Body = [{"id":8,"name":"Kaftan","category":"Accessories","availability":true,"retail_price":237.0,"discounted_price":215.67},{"id":10,"name":"Cufflinks","category":"Accessories","availability":true,"retail_price":284.0,"discounted_price":227.2},{"id":6,"name":"Shawl","category":"Accessories","availability":true,"retail_price":325.45,"discounted_price":260.36},{"id":12,"name":"Poncho","category":"Accessories","availability":true,"retail_price":350.0,"discounted_price":283.5},{"id":7,"name":"Belt","category":"Accessories","availability":true,"retail_price":471.0,"discounted_price":419.19},{"id":13,"name":"Cummerbund","category":"Accessories","availability":false,"retail_price":500.0,"discounted_price":450.0}]
    Forwarded URL = null
   Redirected URL = null
          Cookies = []

MockHttpServletRequest:
      HTTP Method = GET
      Request URI = /products
       Parameters = {category=[Swimwear]}
          Headers = {}
             Body = null
    Session Attrs = {}

Handler:
             Type = com.hackerrank.eshopping.product.dashboard.controller.ProductsController
           Method = public org.springframework.http.ResponseEntity<java.util.List<com.hackerrank.eshopping.product.dashboard.model.Product>> com.hackerrank.eshopping.product.dashboard.controller.ProductsController.getProductsByCatagory(java.lang.String) throws com.hackerrank.eshopping.product.dashboard.exception.ResourceNotFoundException

Async:
    Async started = false
     Async result = null

Resolved Exception:
             Type = null

ModelAndView:
        View name = null
             View = null
            Model = null

FlashMap:
       Attributes = null

MockHttpServletResponse:
           Status = 200
    Error message = null
          Headers = {Content-Type=[application/json;charset=UTF-8]}
     Content type = application/json;charset=UTF-8
             Body = []
    Forwarded URL = null
   Redirected URL = null
          Cookies = []

MockHttpServletRequest:
      HTTP Method = GET
      Request URI = /products
       Parameters = {category=[Full%20Body%20Outfits], availability=[1]}
          Headers = {}
             Body = null
    Session Attrs = {}

Handler:
             Type = com.hackerrank.eshopping.product.dashboard.controller.ProductsController
           Method = public org.springframework.http.ResponseEntity<java.util.List<com.hackerrank.eshopping.product.dashboard.model.Product>> com.hackerrank.eshopping.product.dashboard.controller.ProductsController.getProductsByCatagoryAndAvailability(java.lang.String,int) throws com.hackerrank.eshopping.product.dashboard.exception.BadRequestException

Async:
    Async started = false
     Async result = null

Resolved Exception:
             Type = null

ModelAndView:
        View name = null
             View = null
            Model = null

FlashMap:
       Attributes = null

MockHttpServletResponse:
           Status = 200
    Error message = null
          Headers = {Content-Type=[application/json;charset=UTF-8]}
     Content type = application/json;charset=UTF-8
             Body = [{"id":14,"name":"Dress","category":"Full Body Outfits","availability":true,"retail_price":175.0,"discounted_price":140.0},{"id":5,"name":"Ball Gown","category":"Full Body Outfits","availability":true,"retail_price":337.0,"discounted_price":272.97},{"id":3,"name":"Nightgown","category":"Full Body Outfits","availability":true,"retail_price":307.0,"discounted_price":254.81},{"id":17,"name":"Tailcoat","category":"Full Body Outfits","availability":true,"retail_price":307.0,"discounted_price":254.81},{"id":1,"name":"Dressing Gown","category":"Full Body Outfits","availability":true,"retail_price":303.0,"discounted_price":251.49},{"id":9,"name":"Overalls","category":"Full Body Outfits","availability":true,"retail_price":374.0,"discounted_price":321.64}]
    Forwarded URL = null
   Redirected URL = null
          Cookies = []
]]></system-out>
  </testcase>
  <testcase name="findProductsByNonExistingCategoryAndAvailability" classname="com.hackerrank.eshopping.product.dashboard.controller.ProductsControllerTest" time="0"/>
  <testcase name="findAllProducts" classname="com.hackerrank.eshopping.product.dashboard.controller.ProductsControllerTest" time="0"/>
</testsuite>